#
# There is insufficient memory for the Java Runtime Environment to continue.
# Native memory allocation (mmap) failed to map 130023424 bytes for G1 virtual space
# Possible reasons:
#   The system is out of physical RAM or swap space
#   The process is running with CompressedOops enabled, and the Java Heap may be blocking the growth of the native heap
# Possible solutions:
#   Reduce memory load on the system
#   Increase physical memory or swap space
#   Check if swap backing store is full
#   Decrease Java heap size (-Xmx/-Xms)
#   Decrease number of Java threads
#   Decrease Java thread stack sizes (-Xss)
#   Set larger code cache with -XX:ReservedCodeCacheSize=
#   JVM is running with Unscaled Compressed Oops mode in which the Java heap is
#     placed in the first 4GB address space. The Java Heap base address is the
#     maximum limit for the native heap growth. Please use -XX:HeapBaseMinAddress
#     to set the Java Heap base and to place the Java Heap above 4GB virtual address.
# This output file may be truncated or incomplete.
#
#  Out of Memory Error (os_windows.cpp:3530), pid=13796, tid=27004
#
# JRE version:  (18.0.1.1+2) (build )
# Java VM: Java HotSpot(TM) 64-Bit Server VM (18.0.1.1+2-6, mixed mode, sharing, tiered, compressed oops, compressed class ptrs, g1 gc, windows-amd64)
# No core dump will be written. Minidumps are not enabled by default on client versions of Windows
#

---------------  S U M M A R Y ------------

Command Line: -Dfile.encoding=UTF-8 -XX:+ShowCodeDetailsInExceptionMessages view.TelaDetalhes

Host: 11th Gen Intel(R) Core(TM) i5-1135G7 @ 2.40GHz, 8 cores, 7G,  Windows 10 , 64 bit Build 19041 (10.0.19041.1889)
Time: Sun Sep  4 22:23:17 2022 Hora oficial do Brasil elapsed time: 0.009593 seconds (0d 0h 0m 0s)

---------------  T H R E A D  ---------------

Current thread (0x000001d0c9f3d010):  JavaThread "Unknown thread" [_thread_in_vm, id=27004, stack(0x000000213da00000,0x000000213db00000)]

Stack: [0x000000213da00000,0x000000213db00000]
Native frames: (J=compiled Java code, j=interpreted, Vv=VM code, C=native code)
V  [jvm.dll+0x69887a]
V  [jvm.dll+0x7f38bd]
V  [jvm.dll+0x7f51ce]
V  [jvm.dll+0x7f5883]
V  [jvm.dll+0x25ca3f]
V  [jvm.dll+0x6957c9]
V  [jvm.dll+0x68a2fa]
V  [jvm.dll+0x321efb]
V  [jvm.dll+0x3298d6]
V  [jvm.dll+0x37e47e]
V  [jvm.dll+0x37e6af]
V  [jvm.dll+0x2f9c7a]
V  [jvm.dll+0x2facdd]
V  [jvm.dll+0x7c24f0]
V  [jvm.dll+0x38b801]
V  [jvm.dll+0x7a1203]
V  [jvm.dll+0x40d6bf]
V  [jvm.dll+0x40f091]
C  [jli.dll+0x526b]
C  [ucrtbase.dll+0x21bb2]
C  [KERNEL32.DLL+0x17034]
C  [ntdll.dll+0x52651]


---------------  P R O C E S S  ---------------

Threads class SMR info:
_java_thread_list=0x00007ffce60dd550, length=0, elements={
}

Java Threads: ( => current thread )

Other Threads:
  0x000001d0c9f9b900 WorkerThread "GC Thread#0" [stack: 0x000000213db00000,0x000000213dc00000] [id=26920]
  0x000001d0c9fabff0 ConcurrentGCThread "G1 Main Marker" [stack: 0x000000213dc00000,0x000000213dd00000] [id=26924]
  0x000001d0c9fae590 WorkerThread "G1 Conc#0" [stack: 0x000000213dd00000,0x000000213de00000] [id=26816]

[error occurred during error reporting (printing all threads), id 0xc0000005, EXCEPTION_ACCESS_VIOLATION (0xc0000005) at pc=0x00007ffce590a217]

VM state: not at safepoint (not fully initialized)

VM Mutex/Monitor currently owned by a thread:  ([mutex/lock_event])
[0x000001d0c9f390a0] Heap_lock - owner thread: 0x000001d0c9f3d010

Heap address: 0x0000000084200000, size: 1982 MB, Compressed Oops mode: 32-bit

CDS archive(s) mapped at: [0x0000000000000000-0x0000000000000000-0x0000000000000000), size 0, SharedBaseAddress: 0x0000000800000000, ArchiveRelocationMode: 0.
Narrow klass base: 0x0000000000000000, Narrow klass shift: 0, Narrow klass range: 0x0

GC Precious Log:
 CardTable entry size: 512
 Card Set container configuration: InlinePtr #cards 5 size 8 Array Of Cards #cards 12 size 40 Howl #buckets 4 coarsen threshold 1843 Howl Bitmap #cards 512 size 80 coarsen threshold 460 Card regions per heap region 1 cards per card region 2048

Heap:
 garbage-first heap   total 0K, used 0K [0x0000000084200000, 0x0000000100000000)
  region size 1024K, 0 young (0K), 0 survivors (0K)

[error occurred during error reporting (printing heap information), id 0xc0000005, EXCEPTION_ACCESS_VIOLATION (0xc0000005) at pc=0x00007ffce5cf0cb9]

GC Heap History (0 events):
No events

Deoptimization events (0 events):
No events

Classes loaded (0 events):
No events

Classes unloaded (0 events):
No events

Classes redefined (0 events):
No events

Internal exceptions (0 events):
No events

VM Operations (0 events):
No events

Events (1 events):
Event: 0.006 Loaded shared library C:\Program Files\Java\jdk-18.0.1.1\bin\java.dll


Dynamic libraries:
0x00007ff68db30000 - 0x00007ff68db40000 	C:\Program Files\Java\jdk-18.0.1.1\bin\javaw.exe
0x00007ffd45050000 - 0x00007ffd45248000 	C:\Windows\SYSTEM32\ntdll.dll
0x00007ffd44a00000 - 0x00007ffd44abd000 	C:\Windows\System32\KERNEL32.DLL
0x00007ffd42aa0000 - 0x00007ffd42d6e000 	C:\Windows\System32\KERNELBASE.dll
0x00007ffd42e70000 - 0x00007ffd42f70000 	C:\Windows\System32\ucrtbase.dll
0x00007ffd36e50000 - 0x00007ffd36e6a000 	C:\Program Files\Java\jdk-18.0.1.1\bin\VCRUNTIME140.dll
0x00007ffd36e30000 - 0x00007ffd36e48000 	C:\Program Files\Java\jdk-18.0.1.1\bin\jli.dll
0x00007ffd44f60000 - 0x00007ffd4500e000 	C:\Windows\System32\ADVAPI32.dll
0x00007ffd439b0000 - 0x00007ffd43a4e000 	C:\Windows\System32\msvcrt.dll
0x00007ffd44ad0000 - 0x00007ffd44b6c000 	C:\Windows\System32\sechost.dll
0x00007ffd44d60000 - 0x00007ffd44e85000 	C:\Windows\System32\RPCRT4.dll
0x00007ffd43660000 - 0x00007ffd43800000 	C:\Windows\System32\USER32.dll
0x00007ffd42970000 - 0x00007ffd42992000 	C:\Windows\System32\win32u.dll
0x00007ffd33710000 - 0x00007ffd339aa000 	C:\Windows\WinSxS\amd64_microsoft.windows.common-controls_6595b64144ccf1df_6.0.19041.1110_none_60b5254171f9507e\COMCTL32.dll
0x00007ffd44890000 - 0x00007ffd448ba000 	C:\Windows\System32\GDI32.dll
0x00007ffd42f70000 - 0x00007ffd4307b000 	C:\Windows\System32\gdi32full.dll
0x00007ffd42770000 - 0x00007ffd4280d000 	C:\Windows\System32\msvcp_win.dll
0x00007ffd36e70000 - 0x00007ffd36e7a000 	C:\Windows\SYSTEM32\VERSION.dll
0x00007ffd44410000 - 0x00007ffd44440000 	C:\Windows\System32\IMM32.DLL
0x00007ffd3dbd0000 - 0x00007ffd3dbdc000 	C:\Program Files\Java\jdk-18.0.1.1\bin\vcruntime140_1.dll
0x00007ffd36da0000 - 0x00007ffd36e2d000 	C:\Program Files\Java\jdk-18.0.1.1\bin\msvcp140.dll
0x00007ffce5600000 - 0x00007ffce6210000 	C:\Program Files\Java\jdk-18.0.1.1\bin\server\jvm.dll
0x00007ffd44ac0000 - 0x00007ffd44ac8000 	C:\Windows\System32\PSAPI.DLL
0x00007ffcd7e60000 - 0x00007ffcd7e69000 	C:\Windows\SYSTEM32\WSOCK32.dll
0x00007ffd40dc0000 - 0x00007ffd40de7000 	C:\Windows\SYSTEM32\WINMM.dll
0x00007ffd44920000 - 0x00007ffd4498b000 	C:\Windows\System32\WS2_32.dll
0x00007ffd41000000 - 0x00007ffd41012000 	C:\Windows\SYSTEM32\kernel.appcore.dll
0x00007ffd33b30000 - 0x00007ffd33b3a000 	C:\Program Files\Java\jdk-18.0.1.1\bin\jimage.dll
0x00007ffd40b90000 - 0x00007ffd40d74000 	C:\Windows\SYSTEM32\DBGHELP.DLL
0x00007ffd40b60000 - 0x00007ffd40b8c000 	C:\Windows\SYSTEM32\dbgcore.DLL
0x00007ffd429a0000 - 0x00007ffd42a22000 	C:\Windows\System32\bcryptPrimitives.dll
0x00007ffd2f260000 - 0x00007ffd2f285000 	C:\Program Files\Java\jdk-18.0.1.1\bin\java.dll

dbghelp: loaded successfully - version: 4.0.5 - missing functions: none
symbol engine: initialized successfully - sym options: 0x614 - pdb path: .;C:\Program Files\Java\jdk-18.0.1.1\bin;C:\Windows\SYSTEM32;C:\Windows\WinSxS\amd64_microsoft.windows.common-controls_6595b64144ccf1df_6.0.19041.1110_none_60b5254171f9507e;C:\Program Files\Java\jdk-18.0.1.1\bin\server

VM Arguments:
jvm_args: -Dfile.encoding=UTF-8 -XX:+ShowCodeDetailsInExceptionMessages 
java_command: view.TelaDetalhes
java_class_path (initial): C:\Users\laris\eclipse-workspace\ControleMedicamentos\bin
Launcher Type: SUN_STANDARD

[Global flags]
     intx CICompilerCount                          = 4                                         {product} {ergonomic}
     uint ConcGCThreads                            = 2                                         {product} {ergonomic}
     uint G1ConcRefinementThreads                  = 8                                         {product} {ergonomic}
   size_t G1HeapRegionSize                         = 1048576                                   {product} {ergonomic}
    uintx GCDrainStackTargetSize                   = 64                                        {product} {ergonomic}
   size_t InitialHeapSize                          = 130023424                                 {product} {ergonomic}
   size_t MarkStackSize                            = 4194304                                   {product} {ergonomic}
   size_t MaxHeapSize                              = 2078277632                                {product} {ergonomic}
   size_t MinHeapDeltaBytes                        = 1048576                                   {product} {ergonomic}
   size_t MinHeapSize                              = 8388608                                   {product} {ergonomic}
    uintx NonNMethodCodeHeapSize                   = 5839372                                {pd product} {ergonomic}
    uintx NonProfiledCodeHeapSize                  = 122909434                              {pd product} {ergonomic}
    uintx ProfiledCodeHeapSize                     = 122909434                              {pd product} {ergonomic}
    uintx ReservedCodeCacheSize                    = 251658240                              {pd product} {ergonomic}
     bool SegmentedCodeCache                       = true                                      {product} {ergonomic}
     bool ShowCodeDetailsInExceptionMessages       = true                                   {manageable} {command line}
   size_t SoftMaxHeapSize                          = 2078277632                             {manageable} {ergonomic}
     bool UseCompressedClassPointers               = true                           {product lp64_product} {ergonomic}
     bool UseCompressedOops                        = true                           {product lp64_product} {ergonomic}
     bool UseG1GC                                  = true                                      {product} {ergonomic}
     bool UseLargePagesIndividualAllocation        = false                                  {pd product} {ergonomic}

Logging:
Log output configuration:
 #0: stdout all=warning uptime,level,tags foldmultilines=false
 #1: stderr all=off uptime,level,tags foldmultilines=false

Environment Variables:
PATH=C:/Program Files/Java/jdk-18.0.1.1/bin/server;C:/Program Files/Java/jdk-18.0.1.1/bin;C:\Program Files\Common Files\Oracle\Java\javapath;C:\Windows\system32;C:\Windows;C:\Windows\System32\Wbem;C:\Windows\System32\WindowsPowerShell\v1.0\;C:\Windows\System32\OpenSSH\;C:\Program Files\dotnet\;C:\Program Files\Git\cmd;C:\Users\laris\AppData\Local\Microsoft\WindowsApps;;C:\Users\laris\AppData\Local\Programs\Microsoft VS Code\bin;C:\Users\laris\Desktop;
USERNAME=laris
OS=Windows_NT
PROCESSOR_IDENTIFIER=Intel64 Family 6 Model 140 Stepping 1, GenuineIntel



---------------  S Y S T E M  ---------------

OS:
 Windows 10 , 64 bit Build 19041 (10.0.19041.1889)
OS uptime: 20 days 6:26 hours

CPU: total 8 (initial active 8) (4 cores per cpu, 2 threads per core) family 6 model 140 stepping 1 microcode 0xa4, cx8, cmov, fxsr, ht, mmx, 3dnowpref, sse, sse2, sse3, ssse3, sse4.1, sse4.2, popcnt, lzcnt, tsc, tscinvbit, avx, avx2, aes, erms, clmul, bmi1, bmi2, adx, avx512f, avx512dq, avx512cd, avx512bw, avx512vl, sha, fma, vzeroupper, avx512_vpopcntdq, avx512_vpclmulqdq, avx512_vaes, avx512_vnni, clflush, clflushopt, clwb, avx512_vbmi2, avx512_vbmi

Memory: 4k page, system-wide physical 7926M (598M free)
TotalPageFile size 32502M (AvailPageFile size 106M)
current process WorkingSet (physical memory assigned to process): 10M, peak: 10M
current process commit charge ("private bytes"): 60M, peak: 184M

vm_info: Java HotSpot(TM) 64-Bit Server VM (18.0.1.1+2-6) for windows-amd64 JRE (18.0.1.1+2-6), built on Apr 25 2022 21:53:15 by "mach5one" with MS VC++ 16.8 / 16.9 (VS2019)

END.
